<?xml version="1.0" encoding="UTF-8"?>
<testsuite xmlns:xsi="http://www.w3.org/2001/XMLSchema-instance" xsi:noNamespaceSchemaLocation="https://maven.apache.org/surefire/maven-surefire-plugin/xsd/surefire-test-report.xsd" version="3.0.2" name="com.antiz.metube.MetubeApplicationTests" time="2.445" tests="1" errors="0" skipped="0" failures="0">
  <properties>
[...]
</properties>
  <testcase name="contextLoads" classname="com.antiz.metube.MetubeApplicationTests" time="0.468">
    <system-out><![CDATA[00:29:56.793 [main] INFO org.springframework.test.context.support.AnnotationConfigContextLoaderUtils -- Could not detect default configuration classes for test class [com.antiz.metube.MetubeApplicationTests]: MetubeApplicationTests does not declare any static, non-private, non-final, nested classes annotated with @Configuration.
00:29:56.872 [main] INFO org.springframework.boot.test.context.SpringBootTestContextBootstrapper -- Found @SpringBootConfiguration com.antiz.metube.MetubeApplication for test class com.antiz.metube.MetubeApplicationTests
00:29:56.993 [main] INFO org.springframework.boot.devtools.restart.RestartApplicationListener -- Restart disabled due to context in which it is running

  .   ____          _            __ _ _
 /\\ / ___'_ __ _ _(_)_ __  __ _ \ \ \ \
( ( )\___ | '_ | '_| | '_ \/ _` | \ \ \ \
 \\/  ___)| |_)| | | | | || (_| |  ) ) ) )
  '  |____| .__|_| |_|_| |_\__, | / / / /
 =========|_|==============|___/=/_/_/_/

 :: Spring Boot ::                (v3.5.7)

2025-11-13T00:29:57.183+05:30  INFO 8256 --- [metube] [           main] c.antiz.metube.MetubeApplicationTests    : Starting MetubeApplicationTests using Java 17.0.16 with PID 8256 (started by antiz in /home/antiz/dev/javaProject/MeTube/backend)
2025-11-13T00:29:57.185+05:30  INFO 8256 --- [metube] [           main] c.antiz.metube.MetubeApplicationTests    : No active profile set, falling back to 1 default profile: "default"
2025-11-13T00:29:57.634+05:30  INFO 8256 --- [metube] [           main] .s.d.r.c.RepositoryConfigurationDelegate : Multiple Spring Data modules found, entering strict repository configuration mode
2025-11-13T00:29:57.635+05:30  INFO 8256 --- [metube] [           main] .s.d.r.c.RepositoryConfigurationDelegate : Bootstrapping Spring Data Redis repositories in DEFAULT mode.
2025-11-13T00:29:57.662+05:30  INFO 8256 --- [metube] [           main] .s.d.r.c.RepositoryConfigurationDelegate : Finished Spring Data repository scanning in 8 ms. Found 0 Redis repository interfaces.
2025-11-13T00:29:57.942+05:30  WARN 8256 --- [metube] [           main] .s.s.UserDetailsServiceAutoConfiguration : 

Using generated security password: e1b34b2e-0d65-4fc6-845f-fa0a5dc24d9a

This generated password is for development use only. Your security configuration must be updated before running your application in production.

2025-11-13T00:29:57.948+05:30  INFO 8256 --- [metube] [           main] r$InitializeUserDetailsManagerConfigurer : Global AuthenticationManager configured with UserDetailsService bean with name inMemoryUserDetailsManager
2025-11-13T00:29:58.647+05:30  INFO 8256 --- [metube] [           main] c.antiz.metube.MetubeApplicationTests    : Started MetubeApplicationTests in 1.667 seconds (process running for 2.283)
]]></system-out>
  </testcase>
</testsuite>