<?xml version="1.0" encoding="UTF-8"?>
<testsuite xmlns:xsi="http://www.w3.org/2001/XMLSchema-instance" xsi:noNamespaceSchemaLocation="https://maven.apache.org/surefire/maven-surefire-plugin/xsd/surefire-test-report.xsd" version="3.0.2" name="com.antiz.metube.MetubeApplicationTests" time="1.37" tests="1" errors="0" skipped="0" failures="0">
  <properties>
[...]
</properties>
  <testcase name="contextLoads" classname="com.antiz.metube.MetubeApplicationTests" time="0.345">
    <system-out><![CDATA[16:17:51.331 [main] INFO org.springframework.test.context.support.AnnotationConfigContextLoaderUtils -- Could not detect default configuration classes for test class [com.antiz.metube.MetubeApplicationTests]: MetubeApplicationTests does not declare any static, non-private, non-final, nested classes annotated with @Configuration.
16:17:51.383 [main] INFO org.springframework.boot.test.context.SpringBootTestContextBootstrapper -- Found @SpringBootConfiguration com.antiz.metube.MetubeApplication for test class com.antiz.metube.MetubeApplicationTests
16:17:51.449 [main] INFO org.springframework.boot.devtools.restart.RestartApplicationListener -- Restart disabled due to context in which it is running

  .   ____          _            __ _ _
 /\\ / ___'_ __ _ _(_)_ __  __ _ \ \ \ \
( ( )\___ | '_ | '_| | '_ \/ _` | \ \ \ \
 \\/  ___)| |_)| | | | | || (_| |  ) ) ) )
  '  |____| .__|_| |_|_| |_\__, | / / / /
 =========|_|==============|___/=/_/_/_/

 :: Spring Boot ::                (v3.5.7)

2026-02-26T16:17:51.546+05:30  INFO 82152 --- [metube] [           main] c.antiz.metube.MetubeApplicationTests    : Starting MetubeApplicationTests using Java 25.0.2 with PID 82152 (started by antiz in /Users/antiz/Developer/java/metube/backend)
2026-02-26T16:17:51.546+05:30  INFO 82152 --- [metube] [           main] c.antiz.metube.MetubeApplicationTests    : No active profile set, falling back to 1 default profile: "default"
2026-02-26T16:17:52.293+05:30  INFO 82152 --- [metube] [           main] c.antiz.metube.MetubeApplicationTests    : Started MetubeApplicationTests in 0.848 seconds (process running for 1.242)
]]></system-out>
    <system-err><![CDATA[Mockito is currently self-attaching to enable the inline-mock-maker. This will no longer work in future releases of the JDK. Please add Mockito as an agent to your build as described in Mockito's documentation: https://javadoc.io/doc/org.mockito/mockito-core/latest/org.mockito/org/mockito/Mockito.html#0.3
WARNING: A Java agent has been loaded dynamically (/Users/antiz/.m2/repository/net/bytebuddy/byte-buddy-agent/1.17.8/byte-buddy-agent-1.17.8.jar)
WARNING: If a serviceability tool is in use, please run with -XX:+EnableDynamicAgentLoading to hide this warning
WARNING: If a serviceability tool is not in use, please run with -Djdk.instrument.traceUsage for more information
WARNING: Dynamic loading of agents will be disallowed by default in a future release
]]></system-err>
  </testcase>
</testsuite>